<?xml version="1.0" encoding="UTF-8"?>
<!-- Generated by org.testng.reporters.JUnitXMLReporter -->
<testsuite ignored="1" hostname="DESKTOP-ANR2IFU" failures="0" tests="9" name="Mobile" time="0.099" errors="0" timestamp="2023-02-18T14:00:28 IST">
  <testcase classname="testng.PriorityDemo" name="chickoo" time="0.001"/>
  <testcase classname="testng.PriorityDemo" name="grapes" time="0.021"/>
  <testcase classname="testng.PriorityDemo" name="orange" time="0.001"/>
  <testcase classname="testng.PriorityDemo" name="banana" time="0.001"/>
  <testcase classname="testng.PriorityDemo" name="mango" time="0.002"/>
  <testcase classname="testng.PriorityDemo" name="apple" time="0.001"/>
  <testcase classname="testng.InvocationCount" name="m1" time="0.002"/>
  <testcase classname="testng.InvocationCount" name="m1" time="0.001"/>
  <testcase classname="testng.InvocationCount" name="m1" time="0.0"/>
  <testcase classname="testng.InvocationCount" name="m2" time="0.0">
    <ignored/>
  </testcase> <!-- m2 -->
</testsuite> <!-- Mobile -->
