<?xml version="1.0" encoding="UTF-8"?>
<!-- Generated by org.testng.reporters.JUnitXMLReporter -->
<testsuite ignored="0" hostname="DESKTOP-ANR2IFU" failures="0" tests="3" name="Default test" time="39.094" errors="0" timestamp="2023-02-13T17:03:04 IST">
  <testcase classname="testng.DataProviderDemo" name="validateLogin" time="16.798"/>
  <testcase classname="testng.DataProviderDemo" name="validateLogin" time="11.069"/>
  <testcase classname="testng.DataProviderDemo" name="validateLogin" time="11.038"/>
</testsuite> <!-- Default test -->
