<?xml version="1.0" encoding="UTF-8"?>
<!-- Generated by org.testng.reporters.JUnitXMLReporter -->
<testsuite ignored="1" hostname="DESKTOP-ANR2IFU" failures="0" tests="9" name="Mobile" time="0.146" errors="0" timestamp="2023-02-09T10:06:02 IST">
  <testcase classname="testng.PriorityDemo" name="chickoo" time="0.003"/>
  <testcase classname="testng.PriorityDemo" name="grapes" time="0.003"/>
  <testcase classname="testng.PriorityDemo" name="orange" time="0.002"/>
  <testcase classname="testng.PriorityDemo" name="banana" time="0.006"/>
  <testcase classname="testng.PriorityDemo" name="mango" time="0.006"/>
  <testcase classname="testng.PriorityDemo" name="apple" time="0.007"/>
  <testcase classname="testng.InvocationCount" name="m1" time="0.01"/>
  <testcase classname="testng.InvocationCount" name="m1" time="0.002"/>
  <testcase classname="testng.InvocationCount" name="m1" time="0.004"/>
  <testcase classname="testng.InvocationCount" name="m2" time="0.0">
    <ignored/>
  </testcase> <!-- m2 -->
</testsuite> <!-- Mobile -->
