<?xml version="1.0" encoding="UTF-8"?>
<!-- Generated by org.testng.reporters.JUnitXMLReporter -->
<testsuite ignored="0" hostname="DESKTOP-ANR2IFU" failures="0" tests="12" name="web" time="0.264" errors="0" timestamp="2023-02-09T10:06:02 IST">
  <testcase classname="testng.GroupsDemo" name="ValidateForgotPassword" time="0.008"/>
  <testcase classname="testng.GroupsDemo" name="ValidateLogin" time="0.007"/>
  <testcase classname="testng.GroupsDemo" name="dashboard" time="0.004"/>
  <testcase classname="testng.GroupsDemo" name="homepage" time="0.004"/>
  <testcase classname="testng.GroupsDemo" name="reports" time="0.005"/>
  <testcase classname="testng.GroupsDemo" name="reports1" time="0.009"/>
  <testcase classname="testng.GroupsDemo" name="reports2" time="0.005"/>
  <testcase classname="testng.Annotations" name="validateLoginFeature" time="0.003"/>
  <testcase classname="testng.Annotations" name="validateTitle" time="0.011"/>
  <testcase classname="testng.DependsOnDemo" name="login" time="0.002"/>
  <testcase classname="testng.DependsOnDemo" name="sendFriendRequest" time="0.001"/>
  <testcase classname="testng.DependsOnDemo" name="acceptFriendRequest" time="0.002"/>
</testsuite> <!-- web -->
